<?xml version="1.0" encoding="UTF-8"?>
<testng-results ignored="0" total="2" passed="2" failed="0" skipped="0">
  <reporter-output>
  </reporter-output>
  <suite started-at="2023-05-07T13:48:05 IST" name="Default suite" finished-at="2023-05-07T13:48:14 IST" duration-ms="8808">
    <groups>
    </groups>
    <test started-at="2023-05-07T13:48:05 IST" name="Default test" finished-at="2023-05-07T13:48:14 IST" duration-ms="8808">
      <class name="com.test.practice.APISuiteRunner">
        <test-method is-config="true" signature="beforeClass()[pri:0, instance:com.test.practice.APISuiteRunner@52102734]" started-at="2023-05-07T13:48:05 IST" name="beforeClass" finished-at="2023-05-07T13:48:06 IST" duration-ms="861" status="PASS">
          <reporter-output>
          </reporter-output>
        </test-method> <!-- beforeClass -->
        <test-method signature="runScenario(io.cucumber.testng.PickleWrapper, java.lang.Object)[pri:0, instance:com.test.practice.APISuiteRunner@52102734]" started-at="2023-05-07T13:48:06 IST" name="runScenario" description="Scenario Name: " data-provider="scenarios" finished-at="2023-05-07T13:48:12 IST" duration-ms="6263" status="PASS">
          <params>
            <param index="0">
              <value>
                <![CDATA["End to End Cart Test case"]]>
              </value>
            </param>
            <param index="1">
              <value>
                <![CDATA["Optional[Login Functionality]"]]>
              </value>
            </param>
          </params>
          <reporter-output>
          </reporter-output>
        </test-method> <!-- runScenario -->
        <test-method signature="runScenario(io.cucumber.testng.PickleWrapper, java.lang.Object)[pri:0, instance:com.test.practice.APISuiteRunner@52102734]" started-at="2023-05-07T13:48:12 IST" name="runScenario" description="Scenario Name: " data-provider="scenarios" finished-at="2023-05-07T13:48:14 IST" duration-ms="1466" status="PASS">
          <params>
            <param index="0">
              <value>
                <![CDATA["End to End Cart Test case"]]>
              </value>
            </param>
            <param index="1">
              <value>
                <![CDATA["Optional[Login Functionality]"]]>
              </value>
            </param>
          </params>
          <reporter-output>
          </reporter-output>
        </test-method> <!-- runScenario -->
        <test-method is-config="true" signature="afterClass()[pri:0, instance:com.test.practice.APISuiteRunner@52102734]" started-at="2023-05-07T13:48:14 IST" name="afterClass" finished-at="2023-05-07T13:48:14 IST" duration-ms="153" status="PASS">
          <reporter-output>
          </reporter-output>
        </test-method> <!-- afterClass -->
      </class> <!-- com.test.practice.APISuiteRunner -->
    </test> <!-- Default test -->
  </suite> <!-- Default suite -->
</testng-results>
