<?xml version="1.0" encoding="UTF-8"?>
<testng-results ignored="0" total="1" passed="1" failed="0" skipped="0">
  <reporter-output>
  </reporter-output>
  <suite started-at="2023-03-31T20:21:20 IST" name="Default suite" finished-at="2023-03-31T20:21:24 IST" duration-ms="3687">
    <groups>
    </groups>
    <test started-at="2023-03-31T20:21:20 IST" name="Default test" finished-at="2023-03-31T20:21:24 IST" duration-ms="3687">
      <class name="com.test.practice.RegressionSuiteRunner">
        <test-method is-config="true" signature="beforeClass()[pri:0, instance:com.test.practice.RegressionSuiteRunner@6a6afff2]" started-at="2023-03-31T20:21:20 IST" name="beforeClass" finished-at="2023-03-31T20:21:22 IST" duration-ms="1966" status="PASS">
          <reporter-output>
          </reporter-output>
        </test-method> <!-- beforeClass -->
        <test-method is-config="true" signature="openBrowser()[pri:0, instance:com.test.practice.RegressionSuiteRunner@6a6afff2]" started-at="2023-03-31T20:21:22 IST" name="openBrowser" finished-at="2023-03-31T20:21:22 IST" duration-ms="1" status="PASS">
          <reporter-output>
          </reporter-output>
        </test-method> <!-- openBrowser -->
        <test-method signature="runScenario(io.cucumber.testng.PickleWrapper, java.lang.Object)[pri:0, instance:com.test.practice.RegressionSuiteRunner@6a6afff2]" started-at="2023-03-31T20:21:22 IST" name="runScenario" description="Scenario Name: " data-provider="scenarios" finished-at="2023-03-31T20:21:24 IST" duration-ms="1133" status="PASS">
          <params>
            <param index="0">
              <value>
                <![CDATA["THIS IS TO TEST MY FIRST Scenario TESTCASE"]]>
              </value>
            </param>
            <param index="1">
              <value>
                <![CDATA["Optional[First Practice feature file]"]]>
              </value>
            </param>
          </params>
          <reporter-output>
          </reporter-output>
        </test-method> <!-- runScenario -->
        <test-method is-config="true" signature="closeBrowser()[pri:0, instance:com.test.practice.RegressionSuiteRunner@6a6afff2]" started-at="2023-03-31T20:21:24 IST" name="closeBrowser" finished-at="2023-03-31T20:21:24 IST" duration-ms="2" status="PASS">
          <reporter-output>
          </reporter-output>
        </test-method> <!-- closeBrowser -->
        <test-method is-config="true" signature="afterClass()[pri:0, instance:com.test.practice.RegressionSuiteRunner@6a6afff2]" started-at="2023-03-31T20:21:24 IST" name="afterClass" finished-at="2023-03-31T20:21:24 IST" duration-ms="441" status="PASS">
          <reporter-output>
          </reporter-output>
        </test-method> <!-- afterClass -->
      </class> <!-- com.test.practice.RegressionSuiteRunner -->
    </test> <!-- Default test -->
  </suite> <!-- Default suite -->
</testng-results>
